<?xml version="1.0" encoding="UTF-8"?>
<testsuite xmlns:xsi="http://www.w3.org/2001/XMLSchema-instance" xsi:noNamespaceSchemaLocation="https://maven.apache.org/surefire/maven-surefire-plugin/xsd/surefire-test-report-3.0.xsd" version="3.0" name="com.example.paymentservice.service.PaymentServiceIntegrationTest" time="58.815" tests="1" errors="0" skipped="0" failures="0">
  <properties>
[...]
</properties>
  <testcase name="processPaymentPersistsTransactionProcessedEventAndOutboxEvent" classname="com.example.paymentservice.service.PaymentServiceIntegrationTest" time="1.519">
    <system-out><![CDATA[17:43:47.242 [main] INFO org.testcontainers.DockerClientFactory -- Testcontainers version: 1.21.3
17:43:47.735 [main] WARN org.testcontainers.dockerclient.DockerClientProviderStrategy -- DOCKER_HOST tcp://127.0.0.1:2375 is not listening
java.net.ConnectException: Connection refused: connect
	at java.base/sun.nio.ch.Net.connect0(Native Method)
	at java.base/sun.nio.ch.Net.connect(Net.java:589)
	at java.base/sun.nio.ch.Net.connect(Net.java:578)
	at java.base/sun.nio.ch.NioSocketImpl.connect(NioSocketImpl.java:583)
	at java.base/java.net.SocksSocketImpl.connect(SocksSocketImpl.java:327)
	at java.base/java.net.Socket.connect(Socket.java:751)
	at java.base/java.net.Socket.connect(Socket.java:686)
	at org.testcontainers.dockerclient.DockerClientProviderStrategy.lambda$test$3(DockerClientProviderStrategy.java:214)
	at org.testcontainers.shaded.org.awaitility.core.AssertionCondition.lambda$new$0(AssertionCondition.java:53)
	at org.testcontainers.shaded.org.awaitility.core.ConditionAwaiter$ConditionPoller.call(ConditionAwaiter.java:248)
	at org.testcontainers.shaded.org.awaitility.core.ConditionAwaiter$ConditionPoller.call(ConditionAwaiter.java:235)
	at java.base/java.util.concurrent.FutureTask.run(FutureTask.java:317)
	at java.base/java.util.concurrent.ThreadPoolExecutor.runWorker(ThreadPoolExecutor.java:1144)
	at java.base/java.util.concurrent.ThreadPoolExecutor$Worker.run(ThreadPoolExecutor.java:642)
	at java.base/java.lang.Thread.run(Thread.java:1583)
17:43:48.553 [main] INFO org.testcontainers.dockerclient.DockerClientProviderStrategy -- Found Docker environment with local Npipe socket (npipe:////./pipe/docker_engine)
17:43:48.573 [main] INFO org.testcontainers.DockerClientFactory -- Docker host IP address is localhost
17:43:48.614 [main] INFO org.testcontainers.DockerClientFactory -- Connected to docker: 
  Server Version: 27.5.1
  API Version: 1.47
  Operating System: Docker Desktop
  Total Memory: 7331 MB
  Labels: 
    com.docker.desktop.address=npipe://\\.\pipe\docker_cli
17:43:48.638 [main] INFO org.testcontainers.images.PullPolicy -- Image pull policy will be performed by: DefaultPullPolicy()
17:43:48.642 [main] INFO org.testcontainers.utility.ImageNameSubstitutor -- Image name substitution will be performed by: DefaultImageNameSubstitutor (composite of 'ConfigurationFileImageNameSubstitutor' and 'PrefixingImageNameSubstitutor')
17:43:48.717 [main] INFO tc.testcontainers/ryuk:0.12.0 -- Pulling docker image: testcontainers/ryuk:0.12.0. Please be patient; this may take some time but only needs to be done once.
17:43:48.945 [main] INFO org.testcontainers.utility.RegistryAuthLocator -- Credential helper/store (docker-credential-desktop) does not have credentials for https://index.docker.io/v1/
17:43:50.120 [docker-java-stream--187353313] INFO tc.testcontainers/ryuk:0.12.0 -- Starting to pull image
17:43:50.153 [docker-java-stream--187353313] INFO tc.testcontainers/ryuk:0.12.0 -- Pulling image layers:  0 pending,  0 downloaded,  0 extracted, (0 bytes/0 bytes)
17:43:50.992 [docker-java-stream--187353313] INFO tc.testcontainers/ryuk:0.12.0 -- Pulling image layers:  2 pending,  1 downloaded,  0 extracted, (0 bytes/? MB)
17:43:52.592 [docker-java-stream--187353313] INFO tc.testcontainers/ryuk:0.12.0 -- Pulling image layers:  1 pending,  2 downloaded,  0 extracted, (8 MB/? MB)
17:43:53.191 [docker-java-stream--187353313] INFO tc.testcontainers/ryuk:0.12.0 -- Pulling image layers:  0 pending,  3 downloaded,  0 extracted, (10 MB/10 MB)
17:43:53.798 [docker-java-stream--187353313] INFO tc.testcontainers/ryuk:0.12.0 -- Pull complete. 3 layers, pulled in 3s (downloaded 10 MB at 3 MB/s)
17:43:53.798 [main] INFO tc.testcontainers/ryuk:0.12.0 -- Image testcontainers/ryuk:0.12.0 pull took PT5.0810676S
17:43:53.879 [main] INFO tc.testcontainers/ryuk:0.12.0 -- Creating container for image: testcontainers/ryuk:0.12.0
17:43:54.231 [main] INFO tc.testcontainers/ryuk:0.12.0 -- Container testcontainers/ryuk:0.12.0 is starting: db73af78f17cb5fff331df2b56ba5ea825921e13527cd020cbca5d05153f04e6
17:43:55.270 [main] INFO tc.testcontainers/ryuk:0.12.0 -- Container testcontainers/ryuk:0.12.0 started in PT1.3913588S
17:43:55.281 [main] INFO org.testcontainers.utility.RyukResourceReaper -- Ryuk started - will monitor and terminate Testcontainers containers on JVM exit
17:43:55.282 [main] INFO org.testcontainers.DockerClientFactory -- Checking the system...
17:43:55.282 [main] INFO org.testcontainers.DockerClientFactory -- ✔︎ Docker server version should be at least 1.6.0
17:43:55.347 [main] INFO tc.postgres:16 -- Pulling docker image: postgres:16. Please be patient; this may take some time but only needs to be done once.
17:43:56.266 [docker-java-stream-1793262388] INFO tc.postgres:16 -- Starting to pull image
17:43:56.267 [docker-java-stream-1793262388] INFO tc.postgres:16 -- Pulling image layers:  0 pending,  0 downloaded,  0 extracted, (0 bytes/0 bytes)
17:43:57.166 [docker-java-stream-1793262388] INFO tc.postgres:16 -- Pulling image layers: 13 pending,  1 downloaded,  0 extracted, (1 MB/? MB)
17:43:57.167 [docker-java-stream-1793262388] INFO tc.postgres:16 -- Pulling image layers: 12 pending,  2 downloaded,  0 extracted, (1 MB/? MB)
17:43:57.168 [docker-java-stream-1793262388] INFO tc.postgres:16 -- Pulling image layers: 11 pending,  3 downloaded,  0 extracted, (1 MB/? MB)
17:43:57.266 [docker-java-stream-1793262388] INFO tc.postgres:16 -- Pulling image layers: 10 pending,  4 downloaded,  0 extracted, (1 MB/? MB)
17:43:57.267 [docker-java-stream-1793262388] INFO tc.postgres:16 -- Pulling image layers:  9 pending,  5 downloaded,  0 extracted, (1 MB/? MB)
17:43:57.364 [docker-java-stream-1793262388] INFO tc.postgres:16 -- Pulling image layers:  8 pending,  6 downloaded,  0 extracted, (1 MB/? MB)
17:43:57.366 [docker-java-stream-1793262388] INFO tc.postgres:16 -- Pulling image layers:  7 pending,  7 downloaded,  0 extracted, (1 MB/? MB)
17:43:57.368 [docker-java-stream-1793262388] INFO tc.postgres:16 -- Pulling image layers:  6 pending,  8 downloaded,  0 extracted, (1 MB/? MB)
17:43:57.465 [docker-java-stream-1793262388] INFO tc.postgres:16 -- Pulling image layers:  5 pending,  9 downloaded,  0 extracted, (1 MB/? MB)
17:43:58.765 [docker-java-stream-1793262388] INFO tc.postgres:16 -- Pulling image layers:  4 pending, 10 downloaded,  0 extracted, (6 MB/? MB)
17:44:02.365 [docker-java-stream-1793262388] INFO tc.postgres:16 -- Pulling image layers:  3 pending, 11 downloaded,  0 extracted, (28 MB/? MB)
17:44:03.464 [docker-java-stream-1793262388] INFO tc.postgres:16 -- Pulling image layers:  2 pending, 12 downloaded,  0 extracted, (33 MB/? MB)
17:44:07.465 [docker-java-stream-1793262388] INFO tc.postgres:16 -- Pulling image layers:  1 pending, 13 downloaded,  0 extracted, (58 MB/? MB)
17:44:24.563 [docker-java-stream-1793262388] INFO tc.postgres:16 -- Pulling image layers:  0 pending, 14 downloaded,  0 extracted, (150 MB/152 MB)
17:44:30.525 [docker-java-stream-1793262388] INFO tc.postgres:16 -- Pull complete. 14 layers, pulled in 34s (downloaded 150 MB at 4 MB/s)
17:44:30.525 [main] INFO tc.postgres:16 -- Image postgres:16 pull took PT35.178477S
17:44:30.580 [main] INFO tc.postgres:16 -- Creating container for image: postgres:16
17:44:31.685 [main] INFO tc.postgres:16 -- Container postgres:16 is starting: 3842a6068a27fedcae11691532761d39f9d726c5cb5f878d5fb78929ca1a9805
17:44:34.782 [main] INFO tc.postgres:16 -- Container postgres:16 started in PT4.2017986S
17:44:34.783 [main] INFO tc.postgres:16 -- Container is started (JDBC URL: jdbc:postgresql://localhost:51504/paymentdb?loggerLevel=OFF)
17:44:34.977 [main] INFO org.springframework.test.context.support.AnnotationConfigContextLoaderUtils -- Could not detect default configuration classes for test class [com.example.paymentservice.service.PaymentServiceIntegrationTest]: PaymentServiceIntegrationTest does not declare any static, non-private, non-final, nested classes annotated with @Configuration.
17:44:35.227 [main] INFO org.springframework.boot.test.context.SpringBootTestContextBootstrapper -- Found @SpringBootConfiguration com.example.paymentservice.PaymentServiceApplication for test class com.example.paymentservice.service.PaymentServiceIntegrationTest

  .   ____          _            __ _ _
 /\\ / ___'_ __ _ _(_)_ __  __ _ \ \ \ \
( ( )\___ | '_ | '_| | '_ \/ _` | \ \ \ \
 \\/  ___)| |_)| | | | | || (_| |  ) ) ) )
  '  |____| .__|_| |_|_| |_\__, | / / / /
 =========|_|==============|___/=/_/_/_/
 :: Spring Boot ::                (v3.2.5)

2026-06-11T17:44:36.294+02:00  INFO [payment-service,,] 26412 --- [           main] [                                                 ] c.e.p.s.PaymentServiceIntegrationTest    : Starting PaymentServiceIntegrationTest using Java 21.0.8 with PID 26412 (started by Master in C:\Users\Master\Desktop\kafka-spring-microservices\payment-service)
2026-06-11T17:44:36.299+02:00  INFO [payment-service,,] 26412 --- [           main] [                                                 ] c.e.p.s.PaymentServiceIntegrationTest    : No active profile set, falling back to 1 default profile: "default"
2026-06-11T17:44:38.687+02:00  INFO [payment-service,,] 26412 --- [           main] [                                                 ] .s.d.r.c.RepositoryConfigurationDelegate : Bootstrapping Spring Data JPA repositories in DEFAULT mode.
2026-06-11T17:44:38.825+02:00  INFO [payment-service,,] 26412 --- [           main] [                                                 ] .s.d.r.c.RepositoryConfigurationDelegate : Finished Spring Data repository scanning in 120 ms. Found 3 JPA repository interfaces.
2026-06-11T17:44:42.974+02:00  INFO [payment-service,,] 26412 --- [           main] [                                                 ] com.zaxxer.hikari.HikariDataSource       : HikariPool-1 - Starting...
2026-06-11T17:44:43.436+02:00  INFO [payment-service,,] 26412 --- [           main] [                                                 ] com.zaxxer.hikari.pool.HikariPool        : HikariPool-1 - Added connection org.postgresql.jdbc.PgConnection@707b38a1
2026-06-11T17:44:43.440+02:00  INFO [payment-service,,] 26412 --- [           main] [                                                 ] com.zaxxer.hikari.HikariDataSource       : HikariPool-1 - Start completed.
2026-06-11T17:44:43.736+02:00  INFO [payment-service,,] 26412 --- [           main] [                                                 ] o.f.c.internal.license.VersionPrinter    : Flyway Community Edition 9.22.3 by Redgate
2026-06-11T17:44:43.737+02:00  INFO [payment-service,,] 26412 --- [           main] [                                                 ] o.f.c.internal.license.VersionPrinter    : See release notes here: https://rd.gt/416ObMi
2026-06-11T17:44:43.737+02:00  INFO [payment-service,,] 26412 --- [           main] [                                                 ] o.f.c.internal.license.VersionPrinter    : 
2026-06-11T17:44:43.778+02:00  INFO [payment-service,,] 26412 --- [           main] [                                                 ] org.flywaydb.core.FlywayExecutor         : Database: jdbc:postgresql://localhost:51504/paymentdb (PostgreSQL 16.14)
2026-06-11T17:44:43.806+02:00  WARN [payment-service,,] 26412 --- [           main] [                                                 ] o.f.c.internal.database.base.Database    : Flyway upgrade recommended: PostgreSQL 16.14 is newer than this version of Flyway and support has not been tested. The latest supported version of PostgreSQL is 15.
2026-06-11T17:44:43.881+02:00  INFO [payment-service,,] 26412 --- [           main] [                                                 ] o.f.c.i.s.JdbcTableSchemaHistory         : Schema history table "public"."flyway_schema_history" does not exist yet
2026-06-11T17:44:43.889+02:00  INFO [payment-service,,] 26412 --- [           main] [                                                 ] o.f.core.internal.command.DbValidate     : Successfully validated 1 migration (execution time 00:00.051s)
2026-06-11T17:44:43.928+02:00  INFO [payment-service,,] 26412 --- [           main] [                                                 ] o.f.c.i.s.JdbcTableSchemaHistory         : Creating Schema History table "public"."flyway_schema_history" ...
2026-06-11T17:44:44.010+02:00  INFO [payment-service,,] 26412 --- [           main] [                                                 ] o.f.core.internal.command.DbMigrate      : Current version of schema "public": << Empty Schema >>
2026-06-11T17:44:44.026+02:00  INFO [payment-service,,] 26412 --- [           main] [                                                 ] o.f.core.internal.command.DbMigrate      : Migrating schema "public" to version "1 - init payment schema"
2026-06-11T17:44:44.089+02:00  INFO [payment-service,,] 26412 --- [           main] [                                                 ] o.f.core.internal.command.DbMigrate      : Successfully applied 1 migration to schema "public", now at version v1 (execution time 00:00.030s)
2026-06-11T17:44:44.350+02:00  INFO [payment-service,,] 26412 --- [           main] [                                                 ] o.hibernate.jpa.internal.util.LogHelper  : HHH000204: Processing PersistenceUnitInfo [name: default]
2026-06-11T17:44:44.541+02:00  INFO [payment-service,,] 26412 --- [           main] [                                                 ] org.hibernate.Version                    : HHH000412: Hibernate ORM core version 6.4.4.Final
2026-06-11T17:44:44.624+02:00  INFO [payment-service,,] 26412 --- [           main] [                                                 ] o.h.c.internal.RegionFactoryInitiator    : HHH000026: Second-level cache disabled
2026-06-11T17:44:44.914+02:00  INFO [payment-service,,] 26412 --- [           main] [                                                 ] o.s.o.j.p.SpringPersistenceUnitInfo      : No LoadTimeWeaver setup: ignoring JPA class transformer
2026-06-11T17:44:47.310+02:00  INFO [payment-service,,] 26412 --- [           main] [                                                 ] o.h.e.t.j.p.i.JtaPlatformInitiator       : HHH000489: No JTA platform available (set 'hibernate.transaction.jta.platform' to enable JTA platform integration)
2026-06-11T17:44:47.380+02:00  INFO [payment-service,,] 26412 --- [           main] [                                                 ] j.LocalContainerEntityManagerFactoryBean : Initialized JPA EntityManagerFactory for persistence unit 'default'
2026-06-11T17:44:48.892+02:00  WARN [payment-service,,] 26412 --- [           main] [                                                 ] JpaBaseConfiguration$JpaWebConfiguration : spring.jpa.open-in-view is enabled by default. Therefore, database queries may be performed during view rendering. Explicitly configure spring.jpa.open-in-view to disable this warning
2026-06-11T17:44:50.802+02:00  INFO [payment-service,,] 26412 --- [           main] [                                                 ] o.s.b.a.e.web.EndpointLinksResolver      : Exposing 3 endpoint(s) beneath base path '/actuator'
2026-06-11T17:44:51.123+02:00  INFO [payment-service,,] 26412 --- [           main] [                                                 ] o.a.k.clients.consumer.ConsumerConfig    : ConsumerConfig values: 
	allow.auto.create.topics = true
	auto.commit.interval.ms = 5000
	auto.include.jmx.reporter = true
	auto.offset.reset = earliest
	bootstrap.servers = [localhost:19092]
	check.crcs = true
	client.dns.lookup = use_all_dns_ips
	client.id = consumer-payment-group-1
	client.rack = 
	connections.max.idle.ms = 540000
	default.api.timeout.ms = 60000
	enable.auto.commit = false
	exclude.internal.topics = true
	fetch.max.bytes = 52428800
	fetch.max.wait.ms = 500
	fetch.min.bytes = 1
	group.id = payment-group
	group.instance.id = null
	heartbeat.interval.ms = 3000
	interceptor.classes = []
	internal.leave.group.on.close = true
	internal.throw.on.fetch.stable.offset.unsupported = false
	isolation.level = read_uncommitted
	key.deserializer = class org.apache.kafka.common.serialization.StringDeserializer
	max.partition.fetch.bytes = 1048576
	max.poll.interval.ms = 300000
	max.poll.records = 500
	metadata.max.age.ms = 300000
	metric.reporters = []
	metrics.num.samples = 2
	metrics.recording.level = INFO
	metrics.sample.window.ms = 30000
	partition.assignment.strategy = [class org.apache.kafka.clients.consumer.RangeAssignor, class org.apache.kafka.clients.consumer.CooperativeStickyAssignor]
	receive.buffer.bytes = 65536
	reconnect.backoff.max.ms = 1000
	reconnect.backoff.ms = 50
	request.timeout.ms = 30000
	retry.backoff.ms = 100
	sasl.client.callback.handler.class = null
	sasl.jaas.config = null
	sasl.kerberos.kinit.cmd = /usr/bin/kinit
	sasl.kerberos.min.time.before.relogin = 60000
	sasl.kerberos.service.name = null
	sasl.kerberos.ticket.renew.jitter = 0.05
	sasl.kerberos.ticket.renew.window.factor = 0.8
	sasl.login.callback.handler.class = null
	sasl.login.class = null
	sasl.login.connect.timeout.ms = null
	sasl.login.read.timeout.ms = null
	sasl.login.refresh.buffer.seconds = 300
	sasl.login.refresh.min.period.seconds = 60
	sasl.login.refresh.window.factor = 0.8
	sasl.login.refresh.window.jitter = 0.05
	sasl.login.retry.backoff.max.ms = 10000
	sasl.login.retry.backoff.ms = 100
	sasl.mechanism = GSSAPI
	sasl.oauthbearer.clock.skew.seconds = 30
	sasl.oauthbearer.expected.audience = null
	sasl.oauthbearer.expected.issuer = null
	sasl.oauthbearer.jwks.endpoint.refresh.ms = 3600000
	sasl.oauthbearer.jwks.endpoint.retry.backoff.max.ms = 10000
	sasl.oauthbearer.jwks.endpoint.retry.backoff.ms = 100
	sasl.oauthbearer.jwks.endpoint.url = null
	sasl.oauthbearer.scope.claim.name = scope
	sasl.oauthbearer.sub.claim.name = sub
	sasl.oauthbearer.token.endpoint.url = null
	security.protocol = PLAINTEXT
	security.providers = null
	send.buffer.bytes = 131072
	session.timeout.ms = 45000
	socket.connection.setup.timeout.max.ms = 30000
	socket.connection.setup.timeout.ms = 10000
	ssl.cipher.suites = null
	ssl.enabled.protocols = [TLSv1.2, TLSv1.3]
	ssl.endpoint.identification.algorithm = https
	ssl.engine.factory.class = null
	ssl.key.password = null
	ssl.keymanager.algorithm = SunX509
	ssl.keystore.certificate.chain = null
	ssl.keystore.key = null
	ssl.keystore.location = null
	ssl.keystore.password = null
	ssl.keystore.type = JKS
	ssl.protocol = TLSv1.3
	ssl.provider = null
	ssl.secure.random.implementation = null
	ssl.trustmanager.algorithm = PKIX
	ssl.truststore.certificates = null
	ssl.truststore.location = null
	ssl.truststore.password = null
	ssl.truststore.type = JKS
	value.deserializer = class io.confluent.kafka.serializers.KafkaAvroDeserializer

2026-06-11T17:44:51.431+02:00  INFO [payment-service,,] 26412 --- [           main] [                                                 ] i.c.k.s.KafkaAvroDeserializerConfig      : KafkaAvroDeserializerConfig values: 
	auto.register.schemas = true
	avro.reflection.allow.null = false
	avro.use.logical.type.converters = false
	basic.auth.credentials.source = URL
	basic.auth.user.info = [hidden]
	bearer.auth.cache.expiry.buffer.seconds = 300
	bearer.auth.client.id = null
	bearer.auth.client.secret = null
	bearer.auth.credentials.source = STATIC_TOKEN
	bearer.auth.custom.provider.class = null
	bearer.auth.identity.pool.id = null
	bearer.auth.issuer.endpoint.url = null
	bearer.auth.logical.cluster = null
	bearer.auth.scope = null
	bearer.auth.scope.claim.name = scope
	bearer.auth.sub.claim.name = sub
	bearer.auth.token = [hidden]
	context.name.strategy = class io.confluent.kafka.serializers.context.NullContextNameStrategy
	http.connect.timeout.ms = 60000
	http.read.timeout.ms = 60000
	id.compatibility.strict = true
	key.subject.name.strategy = class io.confluent.kafka.serializers.subject.TopicNameStrategy
	latest.cache.size = 1000
	latest.cache.ttl.sec = -1
	latest.compatibility.strict = true
	max.schemas.per.subject = 1000
	normalize.schemas = false
	proxy.host = 
	proxy.port = -1
	rule.actions = []
	rule.executors = []
	rule.service.loader.enable = true
	schema.format = null
	schema.reflection = false
	schema.registry.basic.auth.user.info = [hidden]
	schema.registry.ssl.cipher.suites = null
	schema.registry.ssl.enabled.protocols = [TLSv1.2, TLSv1.3]
	schema.registry.ssl.endpoint.identification.algorithm = https
	schema.registry.ssl.engine.factory.class = null
	schema.registry.ssl.key.password = null
	schema.registry.ssl.keymanager.algorithm = SunX509
	schema.registry.ssl.keystore.certificate.chain = null
	schema.registry.ssl.keystore.key = null
	schema.registry.ssl.keystore.location = null
	schema.registry.ssl.keystore.password = null
	schema.registry.ssl.keystore.type = JKS
	schema.registry.ssl.protocol = TLSv1.3
	schema.registry.ssl.provider = null
	schema.registry.ssl.secure.random.implementation = null
	schema.registry.ssl.trustmanager.algorithm = PKIX
	schema.registry.ssl.truststore.certificates = null
	schema.registry.ssl.truststore.location = null
	schema.registry.ssl.truststore.password = null
	schema.registry.ssl.truststore.type = JKS
	schema.registry.url = [http://localhost:8086]
	specific.avro.key.type = null
	specific.avro.reader = true
	specific.avro.value.type = null
	use.latest.version = false
	use.latest.with.metadata = null
	use.schema.id = -1
	value.subject.name.strategy = class io.confluent.kafka.serializers.subject.TopicNameStrategy

2026-06-11T17:44:51.433+02:00  INFO [payment-service,,] 26412 --- [           main] [                                                 ] i.c.k.s.KafkaAvroDeserializerConfig      : KafkaAvroDeserializerConfig values: 
	auto.register.schemas = true
	avro.reflection.allow.null = false
	avro.use.logical.type.converters = false
	basic.auth.credentials.source = URL
	basic.auth.user.info = [hidden]
	bearer.auth.cache.expiry.buffer.seconds = 300
	bearer.auth.client.id = null
	bearer.auth.client.secret = null
	bearer.auth.credentials.source = STATIC_TOKEN
	bearer.auth.custom.provider.class = null
	bearer.auth.identity.pool.id = null
	bearer.auth.issuer.endpoint.url = null
	bearer.auth.logical.cluster = null
	bearer.auth.scope = null
	bearer.auth.scope.claim.name = scope
	bearer.auth.sub.claim.name = sub
	bearer.auth.token = [hidden]
	context.name.strategy = class io.confluent.kafka.serializers.context.NullContextNameStrategy
	http.connect.timeout.ms = 60000
	http.read.timeout.ms = 60000
	id.compatibility.strict = true
	key.subject.name.strategy = class io.confluent.kafka.serializers.subject.TopicNameStrategy
	latest.cache.size = 1000
	latest.cache.ttl.sec = -1
	latest.compatibility.strict = true
	max.schemas.per.subject = 1000
	normalize.schemas = false
	proxy.host = 
	proxy.port = -1
	rule.actions = []
	rule.executors = []
	rule.service.loader.enable = true
	schema.format = null
	schema.reflection = false
	schema.registry.basic.auth.user.info = [hidden]
	schema.registry.ssl.cipher.suites = null
	schema.registry.ssl.enabled.protocols = [TLSv1.2, TLSv1.3]
	schema.registry.ssl.endpoint.identification.algorithm = https
	schema.registry.ssl.engine.factory.class = null
	schema.registry.ssl.key.password = null
	schema.registry.ssl.keymanager.algorithm = SunX509
	schema.registry.ssl.keystore.certificate.chain = null
	schema.registry.ssl.keystore.key = null
	schema.registry.ssl.keystore.location = null
	schema.registry.ssl.keystore.password = null
	schema.registry.ssl.keystore.type = JKS
	schema.registry.ssl.protocol = TLSv1.3
	schema.registry.ssl.provider = null
	schema.registry.ssl.secure.random.implementation = null
	schema.registry.ssl.trustmanager.algorithm = PKIX
	schema.registry.ssl.truststore.certificates = null
	schema.registry.ssl.truststore.location = null
	schema.registry.ssl.truststore.password = null
	schema.registry.ssl.truststore.type = JKS
	schema.registry.url = [http://localhost:8086]
	specific.avro.key.type = null
	specific.avro.reader = true
	specific.avro.value.type = null
	use.latest.version = false
	use.latest.with.metadata = null
	use.schema.id = -1
	value.subject.name.strategy = class io.confluent.kafka.serializers.subject.TopicNameStrategy

2026-06-11T17:44:51.719+02:00  INFO [payment-service,,] 26412 --- [           main] [                                                 ] o.a.kafka.common.utils.AppInfoParser     : Kafka version: 3.6.2
2026-06-11T17:44:51.719+02:00  INFO [payment-service,,] 26412 --- [           main] [                                                 ] o.a.kafka.common.utils.AppInfoParser     : Kafka commitId: c4deed513057c94e
2026-06-11T17:44:51.719+02:00  INFO [payment-service,,] 26412 --- [           main] [                                                 ] o.a.kafka.common.utils.AppInfoParser     : Kafka startTimeMs: 1781192691717
2026-06-11T17:44:51.740+02:00  INFO [payment-service,,] 26412 --- [           main] [                                                 ] fkaConsumerFactory$ExtendedKafkaConsumer : [Consumer clientId=consumer-payment-group-1, groupId=payment-group] Subscribed to topic(s): order-created
2026-06-11T17:44:51.752+02:00  INFO [payment-service,,] 26412 --- [           main] [                                                 ] o.a.k.clients.consumer.ConsumerConfig    : ConsumerConfig values: 
	allow.auto.create.topics = true
	auto.commit.interval.ms = 5000
	auto.include.jmx.reporter = true
	auto.offset.reset = earliest
	bootstrap.servers = [localhost:19092]
	check.crcs = true
	client.dns.lookup = use_all_dns_ips
	client.id = consumer-payment-compensation-group-2
	client.rack = 
	connections.max.idle.ms = 540000
	default.api.timeout.ms = 60000
	enable.auto.commit = false
	exclude.internal.topics = true
	fetch.max.bytes = 52428800
	fetch.max.wait.ms = 500
	fetch.min.bytes = 1
	group.id = payment-compensation-group
	group.instance.id = null
	heartbeat.interval.ms = 3000
	interceptor.classes = []
	internal.leave.group.on.close = true
	internal.throw.on.fetch.stable.offset.unsupported = false
	isolation.level = read_uncommitted
	key.deserializer = class org.apache.kafka.common.serialization.StringDeserializer
	max.partition.fetch.bytes = 1048576
	max.poll.interval.ms = 300000
	max.poll.records = 500
	metadata.max.age.ms = 300000
	metric.reporters = []
	metrics.num.samples = 2
	metrics.recording.level = INFO
	metrics.sample.window.ms = 30000
	partition.assignment.strategy = [class org.apache.kafka.clients.consumer.RangeAssignor, class org.apache.kafka.clients.consumer.CooperativeStickyAssignor]
	receive.buffer.bytes = 65536
	reconnect.backoff.max.ms = 1000
	reconnect.backoff.ms = 50
	request.timeout.ms = 30000
	retry.backoff.ms = 100
	sasl.client.callback.handler.class = null
	sasl.jaas.config = null
	sasl.kerberos.kinit.cmd = /usr/bin/kinit
	sasl.kerberos.min.time.before.relogin = 60000
	sasl.kerberos.service.name = null
	sasl.kerberos.ticket.renew.jitter = 0.05
	sasl.kerberos.ticket.renew.window.factor = 0.8
	sasl.login.callback.handler.class = null
	sasl.login.class = null
	sasl.login.connect.timeout.ms = null
	sasl.login.read.timeout.ms = null
	sasl.login.refresh.buffer.seconds = 300
	sasl.login.refresh.min.period.seconds = 60
	sasl.login.refresh.window.factor = 0.8
	sasl.login.refresh.window.jitter = 0.05
	sasl.login.retry.backoff.max.ms = 10000
	sasl.login.retry.backoff.ms = 100
	sasl.mechanism = GSSAPI
	sasl.oauthbearer.clock.skew.seconds = 30
	sasl.oauthbearer.expected.audience = null
	sasl.oauthbearer.expected.issuer = null
	sasl.oauthbearer.jwks.endpoint.refresh.ms = 3600000
	sasl.oauthbearer.jwks.endpoint.retry.backoff.max.ms = 10000
	sasl.oauthbearer.jwks.endpoint.retry.backoff.ms = 100
	sasl.oauthbearer.jwks.endpoint.url = null
	sasl.oauthbearer.scope.claim.name = scope
	sasl.oauthbearer.sub.claim.name = sub
	sasl.oauthbearer.token.endpoint.url = null
	security.protocol = PLAINTEXT
	security.providers = null
	send.buffer.bytes = 131072
	session.timeout.ms = 45000
	socket.connection.setup.timeout.max.ms = 30000
	socket.connection.setup.timeout.ms = 10000
	ssl.cipher.suites = null
	ssl.enabled.protocols = [TLSv1.2, TLSv1.3]
	ssl.endpoint.identification.algorithm = https
	ssl.engine.factory.class = null
	ssl.key.password = null
	ssl.keymanager.algorithm = SunX509
	ssl.keystore.certificate.chain = null
	ssl.keystore.key = null
	ssl.keystore.location = null
	ssl.keystore.password = null
	ssl.keystore.type = JKS
	ssl.protocol = TLSv1.3
	ssl.provider = null
	ssl.secure.random.implementation = null
	ssl.trustmanager.algorithm = PKIX
	ssl.truststore.certificates = null
	ssl.truststore.location = null
	ssl.truststore.password = null
	ssl.truststore.type = JKS
	value.deserializer = class io.confluent.kafka.serializers.KafkaAvroDeserializer

2026-06-11T17:44:51.754+02:00  INFO [payment-service,,] 26412 --- [           main] [                                                 ] i.c.k.s.KafkaAvroDeserializerConfig      : KafkaAvroDeserializerConfig values: 
	auto.register.schemas = true
	avro.reflection.allow.null = false
	avro.use.logical.type.converters = false
	basic.auth.credentials.source = URL
	basic.auth.user.info = [hidden]
	bearer.auth.cache.expiry.buffer.seconds = 300
	bearer.auth.client.id = null
	bearer.auth.client.secret = null
	bearer.auth.credentials.source = STATIC_TOKEN
	bearer.auth.custom.provider.class = null
	bearer.auth.identity.pool.id = null
	bearer.auth.issuer.endpoint.url = null
	bearer.auth.logical.cluster = null
	bearer.auth.scope = null
	bearer.auth.scope.claim.name = scope
	bearer.auth.sub.claim.name = sub
	bearer.auth.token = [hidden]
	context.name.strategy = class io.confluent.kafka.serializers.context.NullContextNameStrategy
	http.connect.timeout.ms = 60000
	http.read.timeout.ms = 60000
	id.compatibility.strict = true
	key.subject.name.strategy = class io.confluent.kafka.serializers.subject.TopicNameStrategy
	latest.cache.size = 1000
	latest.cache.ttl.sec = -1
	latest.compatibility.strict = true
	max.schemas.per.subject = 1000
	normalize.schemas = false
	proxy.host = 
	proxy.port = -1
	rule.actions = []
	rule.executors = []
	rule.service.loader.enable = true
	schema.format = null
	schema.reflection = false
	schema.registry.basic.auth.user.info = [hidden]
	schema.registry.ssl.cipher.suites = null
	schema.registry.ssl.enabled.protocols = [TLSv1.2, TLSv1.3]
	schema.registry.ssl.endpoint.identification.algorithm = https
	schema.registry.ssl.engine.factory.class = null
	schema.registry.ssl.key.password = null
	schema.registry.ssl.keymanager.algorithm = SunX509
	schema.registry.ssl.keystore.certificate.chain = null
	schema.registry.ssl.keystore.key = null
	schema.registry.ssl.keystore.location = null
	schema.registry.ssl.keystore.password = null
	schema.registry.ssl.keystore.type = JKS
	schema.registry.ssl.protocol = TLSv1.3
	schema.registry.ssl.provider = null
	schema.registry.ssl.secure.random.implementation = null
	schema.registry.ssl.trustmanager.algorithm = PKIX
	schema.registry.ssl.truststore.certificates = null
	schema.registry.ssl.truststore.location = null
	schema.registry.ssl.truststore.password = null
	schema.registry.ssl.truststore.type = JKS
	schema.registry.url = [http://localhost:8086]
	specific.avro.key.type = null
	specific.avro.reader = true
	specific.avro.value.type = null
	use.latest.version = false
	use.latest.with.metadata = null
	use.schema.id = -1
	value.subject.name.strategy = class io.confluent.kafka.serializers.subject.TopicNameStrategy

2026-06-11T17:44:51.755+02:00  INFO [payment-service,,] 26412 --- [           main] [                                                 ] i.c.k.s.KafkaAvroDeserializerConfig      : KafkaAvroDeserializerConfig values: 
	auto.register.schemas = true
	avro.reflection.allow.null = false
	avro.use.logical.type.converters = false
	basic.auth.credentials.source = URL
	basic.auth.user.info = [hidden]
	bearer.auth.cache.expiry.buffer.seconds = 300
	bearer.auth.client.id = null
	bearer.auth.client.secret = null
	bearer.auth.credentials.source = STATIC_TOKEN
	bearer.auth.custom.provider.class = null
	bearer.auth.identity.pool.id = null
	bearer.auth.issuer.endpoint.url = null
	bearer.auth.logical.cluster = null
	bearer.auth.scope = null
	bearer.auth.scope.claim.name = scope
	bearer.auth.sub.claim.name = sub
	bearer.auth.token = [hidden]
	context.name.strategy = class io.confluent.kafka.serializers.context.NullContextNameStrategy
	http.connect.timeout.ms = 60000
	http.read.timeout.ms = 60000
	id.compatibility.strict = true
	key.subject.name.strategy = class io.confluent.kafka.serializers.subject.TopicNameStrategy
	latest.cache.size = 1000
	latest.cache.ttl.sec = -1
	latest.compatibility.strict = true
	max.schemas.per.subject = 1000
	normalize.schemas = false
	proxy.host = 
	proxy.port = -1
	rule.actions = []
	rule.executors = []
	rule.service.loader.enable = true
	schema.format = null
	schema.reflection = false
	schema.registry.basic.auth.user.info = [hidden]
	schema.registry.ssl.cipher.suites = null
	schema.registry.ssl.enabled.protocols = [TLSv1.2, TLSv1.3]
	schema.registry.ssl.endpoint.identification.algorithm = https
	schema.registry.ssl.engine.factory.class = null
	schema.registry.ssl.key.password = null
	schema.registry.ssl.keymanager.algorithm = SunX509
	schema.registry.ssl.keystore.certificate.chain = null
	schema.registry.ssl.keystore.key = null
	schema.registry.ssl.keystore.location = null
	schema.registry.ssl.keystore.password = null
	schema.registry.ssl.keystore.type = JKS
	schema.registry.ssl.protocol = TLSv1.3
	schema.registry.ssl.provider = null
	schema.registry.ssl.secure.random.implementation = null
	schema.registry.ssl.trustmanager.algorithm = PKIX
	schema.registry.ssl.truststore.certificates = null
	schema.registry.ssl.truststore.location = null
	schema.registry.ssl.truststore.password = null
	schema.registry.ssl.truststore.type = JKS
	schema.registry.url = [http://localhost:8086]
	specific.avro.key.type = null
	specific.avro.reader = true
	specific.avro.value.type = null
	use.latest.version = false
	use.latest.with.metadata = null
	use.schema.id = -1
	value.subject.name.strategy = class io.confluent.kafka.serializers.subject.TopicNameStrategy

2026-06-11T17:44:51.769+02:00  INFO [payment-service,,] 26412 --- [           main] [                                                 ] o.a.kafka.common.utils.AppInfoParser     : Kafka version: 3.6.2
2026-06-11T17:44:51.770+02:00  INFO [payment-service,,] 26412 --- [           main] [                                                 ] o.a.kafka.common.utils.AppInfoParser     : Kafka commitId: c4deed513057c94e
2026-06-11T17:44:51.770+02:00  INFO [payment-service,,] 26412 --- [           main] [                                                 ] o.a.kafka.common.utils.AppInfoParser     : Kafka startTimeMs: 1781192691769
2026-06-11T17:44:51.780+02:00  INFO [payment-service,,] 26412 --- [           main] [                                                 ] fkaConsumerFactory$ExtendedKafkaConsumer : [Consumer clientId=consumer-payment-compensation-group-2, groupId=payment-compensation-group] Subscribed to topic(s): inventory-failed
2026-06-11T17:44:51.808+02:00  INFO [payment-service,,] 26412 --- [           main] [                                                 ] c.e.p.s.PaymentServiceIntegrationTest    : Started PaymentServiceIntegrationTest in 16.22 seconds (process running for 65.929)
2026-06-11T17:44:52.623+02:00  INFO [payment-service,,] 26412 --- [ntainer#1-0-C-1] [                                                 ] org.apache.kafka.clients.NetworkClient   : [Consumer clientId=consumer-payment-compensation-group-2, groupId=payment-compensation-group] Node -1 disconnected.
2026-06-11T17:44:52.624+02:00  INFO [payment-service,,] 26412 --- [ntainer#0-0-C-1] [                                                 ] org.apache.kafka.clients.NetworkClient   : [Consumer clientId=consumer-payment-group-1, groupId=payment-group] Node -1 disconnected.
2026-06-11T17:44:52.627+02:00  WARN [payment-service,,] 26412 --- [ntainer#1-0-C-1] [                                                 ] org.apache.kafka.clients.NetworkClient   : [Consumer clientId=consumer-payment-compensation-group-2, groupId=payment-compensation-group] Connection to node -1 (localhost/127.0.0.1:19092) could not be established. Broker may not be available.
2026-06-11T17:44:52.627+02:00  WARN [payment-service,,] 26412 --- [ntainer#0-0-C-1] [                                                 ] org.apache.kafka.clients.NetworkClient   : [Consumer clientId=consumer-payment-group-1, groupId=payment-group] Connection to node -1 (localhost/127.0.0.1:19092) could not be established. Broker may not be available.
2026-06-11T17:44:52.628+02:00  WARN [payment-service,,] 26412 --- [ntainer#0-0-C-1] [                                                 ] org.apache.kafka.clients.NetworkClient   : [Consumer clientId=consumer-payment-group-1, groupId=payment-group] Bootstrap broker localhost:19092 (id: -1 rack: null) disconnected
2026-06-11T17:44:52.628+02:00  WARN [payment-service,,] 26412 --- [ntainer#1-0-C-1] [                                                 ] org.apache.kafka.clients.NetworkClient   : [Consumer clientId=consumer-payment-compensation-group-2, groupId=payment-compensation-group] Bootstrap broker localhost:19092 (id: -1 rack: null) disconnected
2026-06-11T17:44:52.740+02:00  INFO [payment-service,,] 26412 --- [ntainer#1-0-C-1] [                                                 ] org.apache.kafka.clients.NetworkClient   : [Consumer clientId=consumer-payment-compensation-group-2, groupId=payment-compensation-group] Node -1 disconnected.
2026-06-11T17:44:52.741+02:00  WARN [payment-service,,] 26412 --- [ntainer#1-0-C-1] [                                                 ] org.apache.kafka.clients.NetworkClient   : [Consumer clientId=consumer-payment-compensation-group-2, groupId=payment-compensation-group] Connection to node -1 (localhost/127.0.0.1:19092) could not be established. Broker may not be available.
2026-06-11T17:44:52.741+02:00  WARN [payment-service,,] 26412 --- [ntainer#1-0-C-1] [                                                 ] org.apache.kafka.clients.NetworkClient   : [Consumer clientId=consumer-payment-compensation-group-2, groupId=payment-compensation-group] Bootstrap broker localhost:19092 (id: -1 rack: null) disconnected
2026-06-11T17:44:52.744+02:00  INFO [payment-service,,] 26412 --- [ntainer#0-0-C-1] [                                                 ] org.apache.kafka.clients.NetworkClient   : [Consumer clientId=consumer-payment-group-1, groupId=payment-group] Node -1 disconnected.
2026-06-11T17:44:52.745+02:00  WARN [payment-service,,] 26412 --- [ntainer#0-0-C-1] [                                                 ] org.apache.kafka.clients.NetworkClient   : [Consumer clientId=consumer-payment-group-1, groupId=payment-group] Connection to node -1 (localhost/127.0.0.1:19092) could not be established. Broker may not be available.
2026-06-11T17:44:52.746+02:00  WARN [payment-service,,] 26412 --- [ntainer#0-0-C-1] [                                                 ] org.apache.kafka.clients.NetworkClient   : [Consumer clientId=consumer-payment-group-1, groupId=payment-group] Bootstrap broker localhost:19092 (id: -1 rack: null) disconnected
2026-06-11T17:44:52.847+02:00  INFO [payment-service,,] 26412 --- [ntainer#0-0-C-1] [                                                 ] org.apache.kafka.clients.NetworkClient   : [Consumer clientId=consumer-payment-group-1, groupId=payment-group] Node -1 disconnected.
2026-06-11T17:44:52.847+02:00  INFO [payment-service,,] 26412 --- [ntainer#1-0-C-1] [                                                 ] org.apache.kafka.clients.NetworkClient   : [Consumer clientId=consumer-payment-compensation-group-2, groupId=payment-compensation-group] Node -1 disconnected.
2026-06-11T17:44:52.848+02:00  WARN [payment-service,,] 26412 --- [ntainer#0-0-C-1] [                                                 ] org.apache.kafka.clients.NetworkClient   : [Consumer clientId=consumer-payment-group-1, groupId=payment-group] Connection to node -1 (localhost/127.0.0.1:19092) could not be established. Broker may not be available.
2026-06-11T17:44:52.848+02:00  WARN [payment-service,,] 26412 --- [ntainer#1-0-C-1] [                                                 ] org.apache.kafka.clients.NetworkClient   : [Consumer clientId=consumer-payment-compensation-group-2, groupId=payment-compensation-group] Connection to node -1 (localhost/127.0.0.1:19092) could not be established. Broker may not be available.
2026-06-11T17:44:52.848+02:00  WARN [payment-service,,] 26412 --- [ntainer#0-0-C-1] [                                                 ] org.apache.kafka.clients.NetworkClient   : [Consumer clientId=consumer-payment-group-1, groupId=payment-group] Bootstrap broker localhost:19092 (id: -1 rack: null) disconnected
2026-06-11T17:44:52.848+02:00  WARN [payment-service,,] 26412 --- [ntainer#1-0-C-1] [                                                 ] org.apache.kafka.clients.NetworkClient   : [Consumer clientId=consumer-payment-compensation-group-2, groupId=payment-compensation-group] Bootstrap broker localhost:19092 (id: -1 rack: null) disconnected
2026-06-11T17:44:52.963+02:00  INFO [payment-service,,] 26412 --- [           main] [                                                 ] c.e.p.service.PaymentService             : Processing payment for orderId=order-it-1
2026-06-11T17:44:53.005+02:00  INFO [payment-service,,] 26412 --- [           main] [                                                 ] c.e.p.service.PaymentService             : Payment processed successfully for orderId=order-it-1
2026-06-11T17:44:53.040+02:00  WARN [payment-service,,] 26412 --- [           main] [                                                 ] c.e.p.service.PaymentService             : Already processed orderId=order-it-1
2026-06-11T17:44:53.080+02:00  INFO [payment-service,,] 26412 --- [ntainer#0-0-C-1] [                                                 ] org.apache.kafka.clients.NetworkClient   : [Consumer clientId=consumer-payment-group-1, groupId=payment-group] Node -1 disconnected.
2026-06-11T17:44:53.080+02:00  INFO [payment-service,,] 26412 --- [ntainer#1-0-C-1] [                                                 ] org.apache.kafka.clients.NetworkClient   : [Consumer clientId=consumer-payment-compensation-group-2, groupId=payment-compensation-group] Node -1 disconnected.
2026-06-11T17:44:53.081+02:00  WARN [payment-service,,] 26412 --- [ntainer#0-0-C-1] [                                                 ] org.apache.kafka.clients.NetworkClient   : [Consumer clientId=consumer-payment-group-1, groupId=payment-group] Connection to node -1 (localhost/127.0.0.1:19092) could not be established. Broker may not be available.
2026-06-11T17:44:53.081+02:00  WARN [payment-service,,] 26412 --- [ntainer#0-0-C-1] [                                                 ] org.apache.kafka.clients.NetworkClient   : [Consumer clientId=consumer-payment-group-1, groupId=payment-group] Bootstrap broker localhost:19092 (id: -1 rack: null) disconnected
2026-06-11T17:44:53.081+02:00  WARN [payment-service,,] 26412 --- [ntainer#1-0-C-1] [                                                 ] org.apache.kafka.clients.NetworkClient   : [Consumer clientId=consumer-payment-compensation-group-2, groupId=payment-compensation-group] Connection to node -1 (localhost/127.0.0.1:19092) could not be established. Broker may not be available.
2026-06-11T17:44:53.081+02:00  WARN [payment-service,,] 26412 --- [ntainer#1-0-C-1] [                                                 ] org.apache.kafka.clients.NetworkClient   : [Consumer clientId=consumer-payment-compensation-group-2, groupId=payment-compensation-group] Bootstrap broker localhost:19092 (id: -1 rack: null) disconnected
]]></system-out>
    <system-err><![CDATA[WARNING: A Java agent has been loaded dynamically (C:\Users\Master\.m2\repository\net\bytebuddy\byte-buddy-agent\1.14.13\byte-buddy-agent-1.14.13.jar)
WARNING: If a serviceability tool is in use, please run with -XX:+EnableDynamicAgentLoading to hide this warning
WARNING: If a serviceability tool is not in use, please run with -Djdk.instrument.traceUsage for more information
WARNING: Dynamic loading of agents will be disallowed by default in a future release
]]></system-err>
  </testcase>
</testsuite>